<?xml version="1.0" encoding="UTF-8"?>
<testng-results ignored="0" total="1" passed="1" failed="0" skipped="0">
  <reporter-output>
  </reporter-output>
  <suite started-at="2022-12-15T11:13:51 IST" name="Default suite" finished-at="2022-12-15T11:14:48 IST" duration-ms="57635">
    <groups>
    </groups>
    <test started-at="2022-12-15T11:13:51 IST" name="Default test" finished-at="2022-12-15T11:14:48 IST" duration-ms="57635">
      <class name="com.ProCrm.testCases.LoginPageTest">
        <test-method is-config="true" signature="setUp()[pri:0, instance:com.ProCrm.testCases.LoginPageTest@1613674b]" started-at="2022-12-15T11:13:51 IST" name="setUp" finished-at="2022-12-15T11:14:16 IST" duration-ms="24881" status="PASS">
          <reporter-output>
          </reporter-output>
        </test-method> <!-- setUp -->
        <test-method signature="loginTestCase()[pri:0, instance:com.ProCrm.testCases.LoginPageTest@1613674b]" started-at="2022-12-15T11:14:16 IST" name="loginTestCase" finished-at="2022-12-15T11:14:46 IST" duration-ms="30621" status="PASS">
          <reporter-output>
          </reporter-output>
        </test-method> <!-- loginTestCase -->
        <test-method is-config="true" signature="tearDown()[pri:0, instance:com.ProCrm.testCases.LoginPageTest@1613674b]" started-at="2022-12-15T11:14:46 IST" name="tearDown" finished-at="2022-12-15T11:14:48 IST" duration-ms="2091" status="PASS">
          <reporter-output>
          </reporter-output>
        </test-method> <!-- tearDown -->
      </class> <!-- com.ProCrm.testCases.LoginPageTest -->
    </test> <!-- Default test -->
  </suite> <!-- Default suite -->
</testng-results>
